<?xml version="1.0" encoding="UTF-8"?>
<!-- Generated by org.testng.reporters.JUnitReportReporter -->
<testsuite hostname="DESKTOP-F08K56K" failures="0" tests="3" name="com.mmt.PageObjects.HomePage_Test" time="0.984" errors="0" timestamp="2023-11-26T01:19:53 IST" skipped="0">
  <testcase classname="com.mmt.PageObjects.HomePage_Test" name="validateWebsiteTitle" time="0.090"/>
  <system-out/>
  <testcase classname="com.mmt.PageObjects.HomePage_Test" name="validateHeaderElements" time="0.745"/>
  <system-out/>
  <testcase classname="com.mmt.PageObjects.HomePage_Test" name="validateMenuElements" time="0.149"/>
  <system-out/>
</testsuite> <!-- com.mmt.PageObjects.HomePage_Test -->
